<?xml version="1.0" encoding="UTF-8"?>
<testsuites name="Mocha Tests" time="9.84" tests="4" failures="0">
  <testsuite name="Root Suite" timestamp="2023-02-16T02:39:58" tests="0" failures="0" time="0">
  </testsuite>
  <testsuite name="integration" timestamp="2023-02-16T02:39:58" tests="4" file="/home/fran/Documentos/FRAN/front_end/codecept/integration_test.js" failures="0" time="9.84">
    <testcase name="integration: Verify a successful call" time="0.844" classname="Verify a successful call">
    </testcase>
    <testcase name="integration: Title of the page" time="2.025" classname="Title of the page">
    </testcase>
    <testcase name="integration: Deletes all todos" time="3.231" classname="Deletes all todos">
    </testcase>
    <testcase name="integration: Creates ToDos" time="3.74" classname="Creates ToDos">
    </testcase>
  </testsuite>
</testsuites>